<?xml version="1.0" encoding="UTF-8"?>
<!-- Generated by org.testng.reporters.JUnitXMLReporter -->
<testsuite ignored="0" hostname="DESKTOP-4JRUH8O" failures="0" tests="3" name="Default test" time="216.831" errors="0" timestamp="2023-10-12T21:16:20 IST">
  <testcase classname="App.Test.AppVali.TestPixel2" name="scrollToEnd" time="1.406"/>
  <testcase classname="App.Test.AppVali.TestPixel2" name="test_layout_animations_option_list" time="3.14"/>
  <testcase classname="App.Test.AppVali.TestPixel2" name="test_os_option" time="200.036"/>
</testsuite> <!-- Default test -->
