<?xml version="1.0" encoding="UTF-8"?>
<!-- Generated by org.testng.reporters.JUnitXMLReporter -->
<testsuite ignored="0" hostname="DESKTOP-4JRUH8O" failures="0" tests="3" name="Default test" time="13.439" errors="0" timestamp="2023-10-12T22:19:14 IST">
  <testcase classname="App.Test.AppVali.TestPixel2" name="test_os_option" time="0.709"/>
  <testcase classname="App.Test.AppVali.TestPixel2" name="test_layout_animations_option_list" time="2.827"/>
  <testcase classname="App.Test.AppVali.TestPixel2" name="scrollToEnd" time="1.318"/>
</testsuite> <!-- Default test -->
