<?xml version="1.0" encoding="UTF-8"?>
<testng-results ignored="0" total="3" passed="3" failed="0" skipped="0">
  <reporter-output>
  </reporter-output>
  <suite started-at="2023-10-12T21:12:43 IST" name="Default suite" finished-at="2023-10-12T21:16:19 IST" duration-ms="216831">
    <groups>
    </groups>
    <test started-at="2023-10-12T21:12:43 IST" name="Default test" finished-at="2023-10-12T21:16:19 IST" duration-ms="216831">
      <class name="App.Test.AppVali.TestPixel2">
        <test-method is-config="true" signature="configureAppium()[pri:0, instance:App.Test.AppVali.TestPixel2@7c729a55]" started-at="2023-10-12T21:12:43 IST" name="configureAppium" finished-at="2023-10-12T21:12:54 IST" duration-ms="11662" status="PASS">
          <reporter-output>
          </reporter-output>
        </test-method> <!-- configureAppium -->
        <test-method signature="scrollToEnd()[pri:0, instance:App.Test.AppVali.TestPixel2@7c729a55]" started-at="2023-10-12T21:12:54 IST" name="scrollToEnd" finished-at="2023-10-12T21:12:56 IST" duration-ms="1406" status="PASS">
          <reporter-output>
          </reporter-output>
        </test-method> <!-- scrollToEnd -->
        <test-method signature="test_layout_animations_option_list()[pri:0, instance:App.Test.AppVali.TestPixel2@7c729a55]" started-at="2023-10-12T21:12:56 IST" name="test_layout_animations_option_list" finished-at="2023-10-12T21:12:59 IST" duration-ms="3140" status="PASS">
          <reporter-output>
          </reporter-output>
        </test-method> <!-- test_layout_animations_option_list -->
        <test-method signature="test_os_option()[pri:0, instance:App.Test.AppVali.TestPixel2@7c729a55]" started-at="2023-10-12T21:12:59 IST" name="test_os_option" finished-at="2023-10-12T21:16:19 IST" duration-ms="200036" status="PASS">
          <reporter-output>
          </reporter-output>
        </test-method> <!-- test_os_option -->
        <test-method is-config="true" signature="CloseConnections()[pri:0, instance:App.Test.AppVali.TestPixel2@7c729a55]" started-at="2023-10-12T21:16:19 IST" name="CloseConnections" finished-at="2023-10-12T21:16:19 IST" duration-ms="544" status="PASS">
          <reporter-output>
          </reporter-output>
        </test-method> <!-- CloseConnections -->
      </class> <!-- App.Test.AppVali.TestPixel2 -->
    </test> <!-- Default test -->
  </suite> <!-- Default suite -->
</testng-results>
